<?xml version="1.0" encoding="UTF-8"?>
<!-- Generated by org.testng.reporters.JUnitXMLReporter -->
<testsuite ignored="0" hostname="DESKTOP-SVJR68P" failures="0" tests="6" name="Default test" time="54.017" errors="0" timestamp="2025-11-20T20:56:56 EET">
  <testcase classname="firstprojct.SignupPageSpecial" name="signup" time="17.308"/>
  <testcase classname="firstprojct.SignupPageSpecial" name="signup" time="6.42"/>
  <testcase classname="firstprojct.SignupPageSpecial" name="signup" time="11.188"/>
  <testcase classname="firstprojct.SignupPageSpecial" name="login" time="4.223"/>
  <testcase classname="firstprojct.SignupPageSpecial" name="login" time="2.636"/>
  <testcase classname="firstprojct.SignupPageSpecial" name="login" time="4.109"/>
</testsuite> <!-- Default test -->
