<?xml version="1.0" encoding="UTF-8"?>
<testng-results ignored="0" total="6" passed="6" failed="0" skipped="0">
  <reporter-output>
  </reporter-output>
  <suite started-at="2025-11-20T20:56:02 EET" name="Default suite" finished-at="2025-11-20T20:56:56 EET" duration-ms="54017">
    <groups>
    </groups>
    <test started-at="2025-11-20T20:56:02 EET" name="Default test" finished-at="2025-11-20T20:56:56 EET" duration-ms="54017">
      <class name="firstprojct.SignupPageSpecial">
        <test-method is-config="true" signature="mySetup()[pri:0, instance:firstprojct.SignupPageSpecial@260e86a1]" started-at="2025-11-20T20:56:02 EET" name="mySetup" finished-at="2025-11-20T20:56:10 EET" duration-ms="7979" status="PASS">
          <reporter-output>
          </reporter-output>
        </test-method> <!-- mySetup -->
        <test-method signature="signup()[pri:1, instance:firstprojct.SignupPageSpecial@260e86a1]" started-at="2025-11-20T20:56:10 EET" name="signup" finished-at="2025-11-20T20:56:28 EET" duration-ms="17308" status="PASS">
          <reporter-output>
          </reporter-output>
        </test-method> <!-- signup -->
        <test-method signature="signup()[pri:1, instance:firstprojct.SignupPageSpecial@260e86a1]" started-at="2025-11-20T20:56:28 EET" name="signup" finished-at="2025-11-20T20:56:34 EET" duration-ms="6420" status="PASS">
          <reporter-output>
          </reporter-output>
        </test-method> <!-- signup -->
        <test-method signature="signup()[pri:1, instance:firstprojct.SignupPageSpecial@260e86a1]" started-at="2025-11-20T20:56:34 EET" name="signup" finished-at="2025-11-20T20:56:45 EET" duration-ms="11188" status="PASS">
          <reporter-output>
          </reporter-output>
        </test-method> <!-- signup -->
        <test-method signature="login()[pri:2, instance:firstprojct.SignupPageSpecial@260e86a1]" started-at="2025-11-20T20:56:45 EET" name="login" finished-at="2025-11-20T20:56:49 EET" duration-ms="4223" status="PASS">
          <reporter-output>
          </reporter-output>
        </test-method> <!-- login -->
        <test-method signature="login()[pri:2, instance:firstprojct.SignupPageSpecial@260e86a1]" started-at="2025-11-20T20:56:49 EET" name="login" finished-at="2025-11-20T20:56:52 EET" duration-ms="2636" status="PASS">
          <reporter-output>
          </reporter-output>
        </test-method> <!-- login -->
        <test-method signature="login()[pri:2, instance:firstprojct.SignupPageSpecial@260e86a1]" started-at="2025-11-20T20:56:52 EET" name="login" finished-at="2025-11-20T20:56:56 EET" duration-ms="4109" status="PASS">
          <reporter-output>
          </reporter-output>
        </test-method> <!-- login -->
        <test-method is-config="true" signature="AfterMyTest()[pri:0, instance:firstprojct.SignupPageSpecial@260e86a1]" started-at="2025-11-20T20:56:56 EET" name="AfterMyTest" finished-at="2025-11-20T20:56:56 EET" duration-ms="2" status="PASS">
          <reporter-output>
          </reporter-output>
        </test-method> <!-- AfterMyTest -->
      </class> <!-- firstprojct.SignupPageSpecial -->
    </test> <!-- Default test -->
  </suite> <!-- Default suite -->
</testng-results>
