<?xml version="1.0" encoding="UTF-8"?>
<!-- Generated by org.testng.reporters.JUnitReportReporter -->
<testsuite hostname="DESKTOP-SVJR68P" failures="0" tests="6" name="firstprojct.SignupPageSpecial" time="45.884" errors="0" timestamp="2025-11-20T20:56:57 EET" skipped="0">
  <testcase classname="firstprojct.SignupPageSpecial" name="signup" time="17.308"/>
  <testcase classname="firstprojct.SignupPageSpecial" name="signup" time="6.420"/>
  <testcase classname="firstprojct.SignupPageSpecial" name="signup" time="11.188"/>
  <testcase classname="firstprojct.SignupPageSpecial" name="login" time="4.223"/>
  <testcase classname="firstprojct.SignupPageSpecial" name="login" time="4.109"/>
  <testcase classname="firstprojct.SignupPageSpecial" name="login" time="2.636"/>
</testsuite> <!-- firstprojct.SignupPageSpecial -->
